<?xml version="1.0" encoding="UTF-8" ?>
<testsuite tests="1" failures="0" name="ar.uba.fi.tdd.rulogic.model.KnowledgeBaseTest" time="0.046" errors="1" skipped="0">
  <properties>
[...]
</properties>
  <testcase classname="ar.uba.fi.tdd.rulogic.model.KnowledgeBaseTest" name="ar.uba.fi.tdd.rulogic.model.KnowledgeBaseTest" time="0">
    <error message="Unclosed group near index 1
(
 ^" type="java.util.regex.PatternSyntaxException">java.util.regex.PatternSyntaxException: Unclosed group near index 1
(
 ^
	at java.util.regex.Pattern.error(Pattern.java:1955)
	at java.util.regex.Pattern.accept(Pattern.java:1813)
	at java.util.regex.Pattern.group0(Pattern.java:2908)
	at java.util.regex.Pattern.sequence(Pattern.java:2051)
	at java.util.regex.Pattern.expr(Pattern.java:1996)
	at java.util.regex.Pattern.compile(Pattern.java:1696)
	at java.util.regex.Pattern.&lt;init&gt;(Pattern.java:1351)
	at java.util.regex.Pattern.compile(Pattern.java:1028)
	at java.lang.String.split(String.java:2380)
	at java.lang.String.split(String.java:2422)
	at ar.uba.fi.tdd.rulogic.model.Parser.esDefinicion(Parser.java:46)
	at ar.uba.fi.tdd.rulogic.model.Parser.validarBase(Parser.java:118)
	at ar.uba.fi.tdd.rulogic.model.KnowledgeBase.parseDB(KnowledgeBase.java:23)
	at ar.uba.fi.tdd.rulogic.model.KnowledgeBaseTest.db(KnowledgeBaseTest.java:39)
	at sun.reflect.NativeMethodAccessorImpl.invoke0(Native Method)
	at sun.reflect.NativeMethodAccessorImpl.invoke(NativeMethodAccessorImpl.java:62)
	at sun.reflect.DelegatingMethodAccessorImpl.invoke(DelegatingMethodAccessorImpl.java:43)
	at java.lang.reflect.Method.invoke(Method.java:498)
	at org.junit.runners.model.FrameworkMethod$1.runReflectiveCall(FrameworkMethod.java:50)
	at org.junit.internal.runners.model.ReflectiveCallable.run(ReflectiveCallable.java:12)
	at org.junit.runners.model.FrameworkMethod.invokeExplosively(FrameworkMethod.java:47)
	at org.junit.internal.runners.statements.RunBefores.evaluate(RunBefores.java:24)
	at org.junit.runners.ParentRunner.run(ParentRunner.java:363)
	at org.apache.maven.surefire.junit4.JUnit4TestSet.execute(JUnit4TestSet.java:53)
	at org.apache.maven.surefire.junit4.JUnit4Provider.executeTestSet(JUnit4Provider.java:123)
	at org.apache.maven.surefire.junit4.JUnit4Provider.invoke(JUnit4Provider.java:104)
	at sun.reflect.NativeMethodAccessorImpl.invoke0(Native Method)
	at sun.reflect.NativeMethodAccessorImpl.invoke(NativeMethodAccessorImpl.java:62)
	at sun.reflect.DelegatingMethodAccessorImpl.invoke(DelegatingMethodAccessorImpl.java:43)
	at java.lang.reflect.Method.invoke(Method.java:498)
	at org.apache.maven.surefire.util.ReflectionUtils.invokeMethodWithArray(ReflectionUtils.java:164)
	at org.apache.maven.surefire.booter.ProviderFactory$ProviderProxy.invoke(ProviderFactory.java:110)
	at org.apache.maven.surefire.booter.SurefireStarter.invokeProvider(SurefireStarter.java:175)
	at org.apache.maven.surefire.booter.SurefireStarter.runSuitesInProcessWhenForked(SurefireStarter.java:107)
	at org.apache.maven.surefire.booter.ForkedBooter.main(ForkedBooter.java:68)
</error>
  </testcase>
</testsuite>